<?xml version="1.0" encoding="UTF-8"?>
<!-- Generated by org.testng.reporters.JUnitXMLReporter -->
<testsuite hostname="Jasdeeps-MacBook-Pro.local" ignored="0" name="Default test" tests="4" failures="0" timestamp="13 Apr 2017 04:20:30 GMT" time="27.579" errors="0">
  <testcase name="homePageTest" time="11.021" classname="com.appdirect.autotechchallenge.AppdirectTest"/>
  <testcase name="loginPageTest" time="9.979" classname="com.appdirect.autotechchallenge.AppdirectTest"/>
  <testcase name="signUpPageTest" time="0.255" classname="com.appdirect.autotechchallenge.AppdirectTest"/>
  <testcase name="CheckIfSuccessFulOrNot" time="4.785" classname="com.appdirect.autotechchallenge.AppdirectTest"/>
</testsuite> <!-- Default test -->
