<?xml version="1.0" encoding="UTF-8"?>
<!-- Generated by org.testng.reporters.JUnitXMLReporter -->
<testsuite hostname="Jasdeeps-MacBook-Pro.local" ignored="0" name="Test" tests="4" failures="0" timestamp="13 Apr 2017 05:49:27 GMT" time="26.308" errors="0">
  <testcase name="homePageTest" time="12.589" classname="com.appdirect.autotechchallenge.AppdirectTest"/>
  <testcase name="loginPageTest" time="7.483" classname="com.appdirect.autotechchallenge.AppdirectTest"/>
  <testcase name="signUpPageTest" time="0.282" classname="com.appdirect.autotechchallenge.AppdirectTest"/>
  <testcase name="CheckIfSuccessFulOrNot" time="4.467" classname="com.appdirect.autotechchallenge.AppdirectTest"/>
</testsuite> <!-- Test -->
